Total number of lines in the file: 110
Total number of nodes including depot: 101
Customer 1: (35, 35), Demand: 0, Time Window: [0, 230], Service Time: 0
Customer 2: (41, 49), Demand: 10, Time Window: [73, 204], Service Time: 10
Customer 3: (35, 17), Demand: 7, Time Window: [18, 147], Service Time: 10
Customer 4: (55, 45), Demand: 13, Time Window: [76, 165], Service Time: 10
Customer 5: (55, 20), Demand: 19, Time Window: [73, 195], Service Time: 10
calling MST kernel
Post Processing Route
Post 2 opt Processing Route
2-opt between 18 and 19 improved cost from 1349.37 to 1346.03
2-opt between 20 and 21 improved cost from 1367.00 to 1361.64
2-opt between 25 and 26 improved cost from 1371.05 to 1369.75
2-opt between 29 and 31 improved cost from 1374.68 to 1371.16
Elapsed time: 0.682178 seconds
Final Route: 
Route #1: 53 58 40 26 
Route #2: 12 80 68 77 3 79 78 34 
Route #3: 33 81 9 51 71 65 35 
Route #4: 76 50 1 69 
Route #5: 29 24 54 55 25 
Route #6: 21 73 72 74 75 56 39 67 4 
Route #7: 23 22 41 13 94 6 89 
Route #8: 95 97 92 37 98 100 59 
Route #9: 99 5 84 17 60 83 8 46 
Route #10: 82 48 47 36 49 64 
Route #11: 7 88 31 70 30 20 66 
Route #12: 62 11 19 10 90 63 32 
Route #13: 45 18 52 93 85 91 
Route #14: 61 16 44 14 38 86 96 
Route #15: 87 42 2 57 15 43 
Route #16: 27 28 
Route #17: Total Distance: 1349.37
Final route is valid
