Total number of lines in the file: 110
Total number of nodes including depot: 101
Customer 1: (35, 35), Demand: 0, Time Window: [0, 1000], Service Time: 0
Customer 2: (41, 49), Demand: 10, Time Window: [0, 974], Service Time: 10
Customer 3: (35, 17), Demand: 7, Time Window: [0, 972], Service Time: 10
Customer 4: (55, 45), Demand: 13, Time Window: [0, 967], Service Time: 10
Customer 5: (55, 20), Demand: 19, Time Window: [620, 860], Service Time: 10
calling MST kernel
Post Processing Route
Post 2 opt Processing Route
2-opt between 12 and 15 improved cost from 1442.89 to 1428.00
2-opt between 13 and 17 improved cost from 1454.81 to 1453.53
2-opt between 14 and 17 improved cost from 1458.96 to 1447.12
2-opt between 15 and 16 improved cost from 1447.12 to 1440.21
Elapsed time: 0.654194 seconds
Final Route: 
Route #1: 53 58 
Route #2: 40 26 12 80 68 77 
Route #3: 76 50 1 69 3 79 
Route #4: 33 81 9 71 35 
Route #5: 65 51 78 34 29 24 54 55 25 21 73 72 74 
Route #6: 22 41 75 56 4 
Route #7: 23 39 67 13 94 
Route #8: 6 89 95 97 87 
Route #9: 42 2 57 15 43 92 59 99 96 93 85 61 16 
Route #10: 44 14 38 86 91 5 60 18 52 83 8 
Route #11: 45 46 82 48 47 36 49 
Route #12: 64 7 88 62 11 19 10 90 63 32 31 70 
Route #13: 30 20 66 
Route #14: 84 17 37 100 98 28 
Route #15: 27 
Route #16: Total Distance: 1442.89
Final route is valid
