Total number of lines in the file: 110
Total number of nodes including depot: 101
Customer 1: (35, 35), Demand: 0, Time Window: [0, 1000], Service Time: 0
Customer 2: (41, 49), Demand: 10, Time Window: [190, 974], Service Time: 10
Customer 3: (35, 17), Demand: 7, Time Window: [18, 792], Service Time: 10
Customer 4: (55, 45), Demand: 13, Time Window: [289, 822], Service Time: 10
Customer 5: (55, 20), Demand: 19, Time Window: [679, 800], Service Time: 10
calling MST kernel
Post Processing Route
Post 2 opt Processing Route
2-opt between 22 and 23 improved cost from 1554.46 to 1551.11
Elapsed time: 0.682162 seconds
Final Route: 
Route #1: 53 58 
Route #2: 40 26 12 80 68 77 
Route #3: 76 50 1 
Route #4: 69 3 79 
Route #5: 33 81 9 51 71 35 
Route #6: 65 78 34 29 24 54 55 25 
Route #7: 21 73 72 74 75 56 4 
Route #8: 23 39 67 22 41 13 94 
Route #9: 6 89 95 97 
Route #10: 92 37 98 100 59 
Route #11: 99 5 60 83 8 46 
Route #12: 45 82 7 88 62 11 19 10 90 63 32 31 70 
Route #13: 30 20 66 48 
Route #14: 47 36 49 
Route #15: 64 18 52 84 17 96 93 
Route #16: 85 91 61 16 44 14 38 86 87 
Route #17: 42 2 57 15 43 28 
Route #18: 27 
Route #19: Total Distance: 1554.46
Final route is valid
