Total number of lines in the file: 110
Total number of nodes including depot: 101
Customer 1: (35, 35), Demand: 0, Time Window: [0, 1000], Service Time: 0
Customer 2: (41, 49), Demand: 10, Time Window: [451, 974], Service Time: 10
Customer 3: (35, 17), Demand: 7, Time Window: [18, 534], Service Time: 10
Customer 4: (55, 45), Demand: 13, Time Window: [378, 733], Service Time: 10
Customer 5: (55, 20), Demand: 19, Time Window: [477, 965], Service Time: 10
calling MST kernel
Post Processing Route
Post 2 opt Processing Route
2-opt between 10 and 14 improved cost from 1246.25 to 1243.25
2-opt between 12 and 14 improved cost from 1267.10 to 1266.59
2-opt between 16 and 19 improved cost from 1276.98 to 1267.33
2-opt between 17 and 18 improved cost from 1267.33 to 1265.08
Elapsed time: 0.689544 seconds
Final Route: 
Route #1: 53 58 40 26 
Route #2: 12 80 68 77 3 79 78 34 
Route #3: 33 81 9 51 71 65 35 76 50 1 
Route #4: 69 29 24 54 55 25 
Route #5: 21 73 72 74 75 56 4 
Route #6: 23 39 67 22 41 13 94 95 97 
Route #7: 87 2 57 15 43 42 92 59 99 5 60 18 
Route #8: 52 83 8 46 45 82 48 47 36 49 
Route #9: 64 7 88 62 11 19 10 90 32 63 
Route #10: 31 70 30 20 66 84 17 96 93 85 91 
Route #11: 61 16 86 44 38 14 37 98 100 6 89 
Route #12: 28 27 
Route #13: Total Distance: 1246.25
Final route is valid
