filename: R112
Vehicles: 25, Capacity: 200
Total customers : 101
No of routes: 15
Route #1: 28 53 58 13 94 6 89
Route #2: 95 97 92 59 96 99 93
Route #3: 85 61 16 86 44 38 14 91
Route #4: 5 84 17 60 83 45 8 46
Route #5: 82 48 47 36 49 64
Route #6: 7 88 31 70 30 20 66
Route #7: 10 32 90 63 11 19 62
Route #8: 52 18 98 100 37
Route #9: 87 42 43 15 57 2
Route #10: 40 21 73 72 74 75 23 56 4
Route #11: 41 22 67 39 26
Route #12: 12 68 80 54 55 25
Route #13: 24 29 34 78 79 3 77
Route #14: 33 81 51 9 35 71 65
Route #15: 76 50 1 69 27
Cost 1248
